2025-02-02T20:53:46.362+05:30  INFO 5492 --- [AlertAssignment] [main] l.a.a.AlertAssignmentApplication         : Starting AlertAssignmentApplication using Java 17.0.9 with PID 5492 (E:\Github\Personal\AlertAssignment\target\classes started by DasunMadawa in E:\Github\Personal\AlertAssignment)
2025-02-02T20:53:46.368+05:30  INFO 5492 --- [AlertAssignment] [main] l.a.a.AlertAssignmentApplication         : No active profile set, falling back to 1 default profile: "default"
2025-02-02T20:53:47.395+05:30  INFO 5492 --- [AlertAssignment] [main] .s.d.r.c.RepositoryConfigurationDelegate : Bootstrapping Spring Data JPA repositories in DEFAULT mode.
2025-02-02T20:53:47.468+05:30  INFO 5492 --- [AlertAssignment] [main] .s.d.r.c.RepositoryConfigurationDelegate : Finished Spring Data repository scanning in 60 ms. Found 2 JPA repository interfaces.
2025-02-02T20:53:47.966+05:30  INFO 5492 --- [AlertAssignment] [main] o.s.b.w.embedded.tomcat.TomcatWebServer  : Tomcat initialized with port 8080 (http)
2025-02-02T20:53:47.971+05:30  INFO 5492 --- [AlertAssignment] [main] o.a.catalina.core.AprLifecycleListener   : An older version [1.2.39] of the Apache Tomcat Native library is installed, while Tomcat recommends a minimum version of [2.0.5]
2025-02-02T20:53:47.971+05:30  INFO 5492 --- [AlertAssignment] [main] o.a.catalina.core.AprLifecycleListener   : Loaded Apache Tomcat Native library [1.2.39] using APR version [1.7.4].
2025-02-02T20:53:48.004+05:30  INFO 5492 --- [AlertAssignment] [main] o.a.catalina.core.AprLifecycleListener   : OpenSSL successfully initialized [OpenSSL 3.0.11 19 Sep 2023]
2025-02-02T20:53:48.014+05:30  INFO 5492 --- [AlertAssignment] [main] o.apache.catalina.core.StandardService   : Starting service [Tomcat]
2025-02-02T20:53:48.015+05:30  INFO 5492 --- [AlertAssignment] [main] o.apache.catalina.core.StandardEngine    : Starting Servlet engine: [Apache Tomcat/10.1.20]
2025-02-02T20:53:48.093+05:30  INFO 5492 --- [AlertAssignment] [main] o.a.c.c.C.[.[.[/disaster_coordination]   : Initializing Spring embedded WebApplicationContext
2025-02-02T20:53:48.094+05:30  INFO 5492 --- [AlertAssignment] [main] w.s.c.ServletWebServerApplicationContext : Root WebApplicationContext: initialization completed in 1672 ms
2025-02-02T20:53:48.287+05:30  INFO 5492 --- [AlertAssignment] [main] o.hibernate.jpa.internal.util.LogHelper  : HHH000204: Processing PersistenceUnitInfo [name: default]
2025-02-02T20:53:48.364+05:30  INFO 5492 --- [AlertAssignment] [main] org.hibernate.Version                    : HHH000412: Hibernate ORM core version 6.4.4.Final
2025-02-02T20:53:48.400+05:30  INFO 5492 --- [AlertAssignment] [main] o.h.c.internal.RegionFactoryInitiator    : HHH000026: Second-level cache disabled
2025-02-02T20:53:48.610+05:30  INFO 5492 --- [AlertAssignment] [main] o.s.o.j.p.SpringPersistenceUnitInfo      : No LoadTimeWeaver setup: ignoring JPA class transformer
2025-02-02T20:53:48.636+05:30  INFO 5492 --- [AlertAssignment] [main] com.zaxxer.hikari.HikariDataSource       : HikariPool-1 - Starting...
2025-02-02T20:53:49.102+05:30  INFO 5492 --- [AlertAssignment] [main] com.zaxxer.hikari.pool.HikariPool        : HikariPool-1 - Added connection com.mysql.cj.jdbc.ConnectionImpl@3c17bd0b
2025-02-02T20:53:49.104+05:30  INFO 5492 --- [AlertAssignment] [main] com.zaxxer.hikari.HikariDataSource       : HikariPool-1 - Start completed.
2025-02-02T20:53:50.039+05:30  INFO 5492 --- [AlertAssignment] [main] o.h.e.t.j.p.i.JtaPlatformInitiator       : HHH000489: No JTA platform available (set 'hibernate.transaction.jta.platform' to enable JTA platform integration)
2025-02-02T20:53:50.438+05:30  INFO 5492 --- [AlertAssignment] [main] j.LocalContainerEntityManagerFactoryBean : Initialized JPA EntityManagerFactory for persistence unit 'default'
2025-02-02T20:53:50.723+05:30  WARN 5492 --- [AlertAssignment] [main] JpaBaseConfiguration$JpaWebConfiguration : spring.jpa.open-in-view is enabled by default. Therefore, database queries may be performed during view rendering. Explicitly configure spring.jpa.open-in-view to disable this warning
2025-02-02T20:53:51.091+05:30  INFO 5492 --- [AlertAssignment] [main] o.s.b.w.embedded.tomcat.TomcatWebServer  : Tomcat started on port 8080 (http) with context path '/disaster_coordination'
2025-02-02T20:53:51.101+05:30  INFO 5492 --- [AlertAssignment] [main] l.a.a.AlertAssignmentApplication         : Started AlertAssignmentApplication in 5.388 seconds (process running for 6.894)
2025-02-02T21:00:41.944+05:30  INFO 5492 --- [AlertAssignment] [SpringApplicationShutdownHook] j.LocalContainerEntityManagerFactoryBean : Closing JPA EntityManagerFactory for persistence unit 'default'
2025-02-02T21:00:41.948+05:30  INFO 5492 --- [AlertAssignment] [SpringApplicationShutdownHook] com.zaxxer.hikari.HikariDataSource       : HikariPool-1 - Shutdown initiated...
2025-02-02T21:00:41.956+05:30  INFO 5492 --- [AlertAssignment] [SpringApplicationShutdownHook] com.zaxxer.hikari.HikariDataSource       : HikariPool-1 - Shutdown completed.
2025-02-02T21:00:47.859+05:30  INFO 8444 --- [AlertAssignment] [main] l.a.a.AlertAssignmentApplication         : Starting AlertAssignmentApplication using Java 17.0.9 with PID 8444 (E:\Github\Personal\AlertAssignment\target\classes started by DasunMadawa in E:\Github\Personal\AlertAssignment)
2025-02-02T21:00:47.862+05:30  INFO 8444 --- [AlertAssignment] [main] l.a.a.AlertAssignmentApplication         : No active profile set, falling back to 1 default profile: "default"
2025-02-02T21:00:48.599+05:30  INFO 8444 --- [AlertAssignment] [main] .s.d.r.c.RepositoryConfigurationDelegate : Bootstrapping Spring Data JPA repositories in DEFAULT mode.
2025-02-02T21:00:48.663+05:30  INFO 8444 --- [AlertAssignment] [main] .s.d.r.c.RepositoryConfigurationDelegate : Finished Spring Data repository scanning in 58 ms. Found 2 JPA repository interfaces.
2025-02-02T21:00:49.069+05:30  INFO 8444 --- [AlertAssignment] [main] o.s.b.w.embedded.tomcat.TomcatWebServer  : Tomcat initialized with port 8080 (http)
2025-02-02T21:00:49.072+05:30  INFO 8444 --- [AlertAssignment] [main] o.a.catalina.core.AprLifecycleListener   : An older version [1.2.39] of the Apache Tomcat Native library is installed, while Tomcat recommends a minimum version of [2.0.5]
2025-02-02T21:00:49.073+05:30  INFO 8444 --- [AlertAssignment] [main] o.a.catalina.core.AprLifecycleListener   : Loaded Apache Tomcat Native library [1.2.39] using APR version [1.7.4].
2025-02-02T21:00:49.077+05:30  INFO 8444 --- [AlertAssignment] [main] o.a.catalina.core.AprLifecycleListener   : OpenSSL successfully initialized [OpenSSL 3.0.11 19 Sep 2023]
2025-02-02T21:00:49.085+05:30  INFO 8444 --- [AlertAssignment] [main] o.apache.catalina.core.StandardService   : Starting service [Tomcat]
2025-02-02T21:00:49.086+05:30  INFO 8444 --- [AlertAssignment] [main] o.apache.catalina.core.StandardEngine    : Starting Servlet engine: [Apache Tomcat/10.1.20]
2025-02-02T21:00:49.143+05:30  INFO 8444 --- [AlertAssignment] [main] o.a.c.c.C.[.[.[/disaster_coordination]   : Initializing Spring embedded WebApplicationContext
2025-02-02T21:00:49.144+05:30  INFO 8444 --- [AlertAssignment] [main] w.s.c.ServletWebServerApplicationContext : Root WebApplicationContext: initialization completed in 1231 ms
2025-02-02T21:00:49.272+05:30  INFO 8444 --- [AlertAssignment] [main] o.hibernate.jpa.internal.util.LogHelper  : HHH000204: Processing PersistenceUnitInfo [name: default]
2025-02-02T21:00:49.313+05:30  INFO 8444 --- [AlertAssignment] [main] org.hibernate.Version                    : HHH000412: Hibernate ORM core version 6.4.4.Final
2025-02-02T21:00:49.343+05:30  INFO 8444 --- [AlertAssignment] [main] o.h.c.internal.RegionFactoryInitiator    : HHH000026: Second-level cache disabled
2025-02-02T21:00:49.472+05:30  INFO 8444 --- [AlertAssignment] [main] o.s.o.j.p.SpringPersistenceUnitInfo      : No LoadTimeWeaver setup: ignoring JPA class transformer
2025-02-02T21:00:49.490+05:30  INFO 8444 --- [AlertAssignment] [main] com.zaxxer.hikari.HikariDataSource       : HikariPool-1 - Starting...
2025-02-02T21:00:49.740+05:30  INFO 8444 --- [AlertAssignment] [main] com.zaxxer.hikari.pool.HikariPool        : HikariPool-1 - Added connection com.mysql.cj.jdbc.ConnectionImpl@18e4551
2025-02-02T21:00:49.741+05:30  INFO 8444 --- [AlertAssignment] [main] com.zaxxer.hikari.HikariDataSource       : HikariPool-1 - Start completed.
2025-02-02T21:00:50.468+05:30  INFO 8444 --- [AlertAssignment] [main] o.h.e.t.j.p.i.JtaPlatformInitiator       : HHH000489: No JTA platform available (set 'hibernate.transaction.jta.platform' to enable JTA platform integration)
2025-02-02T21:00:50.528+05:30  INFO 8444 --- [AlertAssignment] [main] j.LocalContainerEntityManagerFactoryBean : Initialized JPA EntityManagerFactory for persistence unit 'default'
2025-02-02T21:00:50.750+05:30  WARN 8444 --- [AlertAssignment] [main] JpaBaseConfiguration$JpaWebConfiguration : spring.jpa.open-in-view is enabled by default. Therefore, database queries may be performed during view rendering. Explicitly configure spring.jpa.open-in-view to disable this warning
2025-02-02T21:00:51.077+05:30  INFO 8444 --- [AlertAssignment] [main] o.s.b.w.embedded.tomcat.TomcatWebServer  : Tomcat started on port 8080 (http) with context path '/disaster_coordination'
2025-02-02T21:00:51.088+05:30  INFO 8444 --- [AlertAssignment] [main] l.a.a.AlertAssignmentApplication         : Started AlertAssignmentApplication in 3.666 seconds (process running for 4.884)
2025-02-02T21:01:17.797+05:30  INFO 8444 --- [AlertAssignment] [SpringApplicationShutdownHook] j.LocalContainerEntityManagerFactoryBean : Closing JPA EntityManagerFactory for persistence unit 'default'
2025-02-02T21:01:17.800+05:30  INFO 8444 --- [AlertAssignment] [SpringApplicationShutdownHook] com.zaxxer.hikari.HikariDataSource       : HikariPool-1 - Shutdown initiated...
2025-02-02T21:01:17.810+05:30  INFO 8444 --- [AlertAssignment] [SpringApplicationShutdownHook] com.zaxxer.hikari.HikariDataSource       : HikariPool-1 - Shutdown completed.
2025-02-02T21:01:20.695+05:30  INFO 19636 --- [AlertAssignment] [main] l.a.a.AlertAssignmentApplication         : Starting AlertAssignmentApplication using Java 17.0.9 with PID 19636 (E:\Github\Personal\AlertAssignment\target\classes started by DasunMadawa in E:\Github\Personal\AlertAssignment)
2025-02-02T21:01:20.699+05:30  INFO 19636 --- [AlertAssignment] [main] l.a.a.AlertAssignmentApplication         : No active profile set, falling back to 1 default profile: "default"
2025-02-02T21:01:21.457+05:30  INFO 19636 --- [AlertAssignment] [main] .s.d.r.c.RepositoryConfigurationDelegate : Bootstrapping Spring Data JPA repositories in DEFAULT mode.
2025-02-02T21:01:21.511+05:30  INFO 19636 --- [AlertAssignment] [main] .s.d.r.c.RepositoryConfigurationDelegate : Finished Spring Data repository scanning in 47 ms. Found 2 JPA repository interfaces.
2025-02-02T21:01:21.892+05:30  INFO 19636 --- [AlertAssignment] [main] o.s.b.w.embedded.tomcat.TomcatWebServer  : Tomcat initialized with port 8080 (http)
2025-02-02T21:01:21.894+05:30  INFO 19636 --- [AlertAssignment] [main] o.a.catalina.core.AprLifecycleListener   : An older version [1.2.39] of the Apache Tomcat Native library is installed, while Tomcat recommends a minimum version of [2.0.5]
2025-02-02T21:01:21.895+05:30  INFO 19636 --- [AlertAssignment] [main] o.a.catalina.core.AprLifecycleListener   : Loaded Apache Tomcat Native library [1.2.39] using APR version [1.7.4].
2025-02-02T21:01:21.899+05:30  INFO 19636 --- [AlertAssignment] [main] o.a.catalina.core.AprLifecycleListener   : OpenSSL successfully initialized [OpenSSL 3.0.11 19 Sep 2023]
2025-02-02T21:01:21.912+05:30  INFO 19636 --- [AlertAssignment] [main] o.apache.catalina.core.StandardService   : Starting service [Tomcat]
2025-02-02T21:01:21.913+05:30  INFO 19636 --- [AlertAssignment] [main] o.apache.catalina.core.StandardEngine    : Starting Servlet engine: [Apache Tomcat/10.1.20]
2025-02-02T21:01:21.959+05:30  INFO 19636 --- [AlertAssignment] [main] o.a.c.c.C.[.[.[/disaster_coordination]   : Initializing Spring embedded WebApplicationContext
2025-02-02T21:01:21.960+05:30  INFO 19636 --- [AlertAssignment] [main] w.s.c.ServletWebServerApplicationContext : Root WebApplicationContext: initialization completed in 1209 ms
2025-02-02T21:01:22.062+05:30  INFO 19636 --- [AlertAssignment] [main] o.hibernate.jpa.internal.util.LogHelper  : HHH000204: Processing PersistenceUnitInfo [name: default]
2025-02-02T21:01:22.093+05:30  INFO 19636 --- [AlertAssignment] [main] org.hibernate.Version                    : HHH000412: Hibernate ORM core version 6.4.4.Final
2025-02-02T21:01:22.122+05:30  INFO 19636 --- [AlertAssignment] [main] o.h.c.internal.RegionFactoryInitiator    : HHH000026: Second-level cache disabled
2025-02-02T21:01:22.259+05:30  INFO 19636 --- [AlertAssignment] [main] o.s.o.j.p.SpringPersistenceUnitInfo      : No LoadTimeWeaver setup: ignoring JPA class transformer
2025-02-02T21:01:22.276+05:30  INFO 19636 --- [AlertAssignment] [main] com.zaxxer.hikari.HikariDataSource       : HikariPool-1 - Starting...
2025-02-02T21:01:22.508+05:30  INFO 19636 --- [AlertAssignment] [main] com.zaxxer.hikari.pool.HikariPool        : HikariPool-1 - Added connection com.mysql.cj.jdbc.ConnectionImpl@2fac80a8
2025-02-02T21:01:22.510+05:30  INFO 19636 --- [AlertAssignment] [main] com.zaxxer.hikari.HikariDataSource       : HikariPool-1 - Start completed.
2025-02-02T21:01:23.233+05:30  INFO 19636 --- [AlertAssignment] [main] o.h.e.t.j.p.i.JtaPlatformInitiator       : HHH000489: No JTA platform available (set 'hibernate.transaction.jta.platform' to enable JTA platform integration)
2025-02-02T21:01:23.599+05:30  INFO 19636 --- [AlertAssignment] [main] j.LocalContainerEntityManagerFactoryBean : Initialized JPA EntityManagerFactory for persistence unit 'default'
2025-02-02T21:01:23.827+05:30  WARN 19636 --- [AlertAssignment] [main] JpaBaseConfiguration$JpaWebConfiguration : spring.jpa.open-in-view is enabled by default. Therefore, database queries may be performed during view rendering. Explicitly configure spring.jpa.open-in-view to disable this warning
2025-02-02T21:01:24.139+05:30  INFO 19636 --- [AlertAssignment] [main] o.s.b.w.embedded.tomcat.TomcatWebServer  : Tomcat started on port 8080 (http) with context path '/disaster_coordination'
2025-02-02T21:01:24.148+05:30  INFO 19636 --- [AlertAssignment] [main] l.a.a.AlertAssignmentApplication         : Started AlertAssignmentApplication in 3.958 seconds (process running for 4.857)
2025-02-02T21:36:00.364+05:30  WARN 19636 --- [AlertAssignment] [HikariPool-1 housekeeper] com.zaxxer.hikari.pool.HikariPool        : HikariPool-1 - Thread starvation or clock leap detected (housekeeper delta=23m7s587ms710µs).
2025-02-02T21:37:53.196+05:30  INFO 19636 --- [AlertAssignment] [SpringApplicationShutdownHook] j.LocalContainerEntityManagerFactoryBean : Closing JPA EntityManagerFactory for persistence unit 'default'
2025-02-02T21:37:53.198+05:30  INFO 19636 --- [AlertAssignment] [SpringApplicationShutdownHook] com.zaxxer.hikari.HikariDataSource       : HikariPool-1 - Shutdown initiated...
2025-02-02T21:37:53.202+05:30  INFO 19636 --- [AlertAssignment] [SpringApplicationShutdownHook] com.zaxxer.hikari.HikariDataSource       : HikariPool-1 - Shutdown completed.
2025-02-02T21:38:07.954+05:30  INFO 20108 --- [AlertAssignment] [main] l.a.a.AlertAssignmentApplication         : Starting AlertAssignmentApplication using Java 17.0.9 with PID 20108 (E:\Github\Personal\AlertAssignment\target\classes started by DasunMadawa in E:\Github\Personal\AlertAssignment)
2025-02-02T21:38:07.958+05:30  INFO 20108 --- [AlertAssignment] [main] l.a.a.AlertAssignmentApplication         : No active profile set, falling back to 1 default profile: "default"
2025-02-02T21:38:09.584+05:30  INFO 20108 --- [AlertAssignment] [main] .s.d.r.c.RepositoryConfigurationDelegate : Bootstrapping Spring Data JPA repositories in DEFAULT mode.
2025-02-02T21:38:09.725+05:30  INFO 20108 --- [AlertAssignment] [main] .s.d.r.c.RepositoryConfigurationDelegate : Finished Spring Data repository scanning in 107 ms. Found 2 JPA repository interfaces.
2025-02-02T21:38:10.571+05:30  INFO 20108 --- [AlertAssignment] [main] o.s.b.w.embedded.tomcat.TomcatWebServer  : Tomcat initialized with port 8080 (http)
2025-02-02T21:38:10.577+05:30  INFO 20108 --- [AlertAssignment] [main] o.a.catalina.core.AprLifecycleListener   : An older version [1.2.39] of the Apache Tomcat Native library is installed, while Tomcat recommends a minimum version of [2.0.5]
2025-02-02T21:38:10.577+05:30  INFO 20108 --- [AlertAssignment] [main] o.a.catalina.core.AprLifecycleListener   : Loaded Apache Tomcat Native library [1.2.39] using APR version [1.7.4].
2025-02-02T21:38:10.583+05:30  INFO 20108 --- [AlertAssignment] [main] o.a.catalina.core.AprLifecycleListener   : OpenSSL successfully initialized [OpenSSL 3.0.11 19 Sep 2023]
2025-02-02T21:38:10.593+05:30  INFO 20108 --- [AlertAssignment] [main] o.apache.catalina.core.StandardService   : Starting service [Tomcat]
2025-02-02T21:38:10.594+05:30  INFO 20108 --- [AlertAssignment] [main] o.apache.catalina.core.StandardEngine    : Starting Servlet engine: [Apache Tomcat/10.1.20]
2025-02-02T21:38:10.684+05:30  INFO 20108 --- [AlertAssignment] [main] o.a.c.c.C.[.[.[/disaster_coordination]   : Initializing Spring embedded WebApplicationContext
2025-02-02T21:38:10.685+05:30  INFO 20108 --- [AlertAssignment] [main] w.s.c.ServletWebServerApplicationContext : Root WebApplicationContext: initialization completed in 2610 ms
2025-02-02T21:38:10.940+05:30  INFO 20108 --- [AlertAssignment] [main] o.hibernate.jpa.internal.util.LogHelper  : HHH000204: Processing PersistenceUnitInfo [name: default]
2025-02-02T21:38:11.087+05:30  INFO 20108 --- [AlertAssignment] [main] org.hibernate.Version                    : HHH000412: Hibernate ORM core version 6.4.4.Final
2025-02-02T21:38:11.189+05:30  INFO 20108 --- [AlertAssignment] [main] o.h.c.internal.RegionFactoryInitiator    : HHH000026: Second-level cache disabled
2025-02-02T21:38:11.535+05:30  INFO 20108 --- [AlertAssignment] [main] o.s.o.j.p.SpringPersistenceUnitInfo      : No LoadTimeWeaver setup: ignoring JPA class transformer
2025-02-02T21:38:11.564+05:30  INFO 20108 --- [AlertAssignment] [main] com.zaxxer.hikari.HikariDataSource       : HikariPool-1 - Starting...
2025-02-02T21:38:12.123+05:30  INFO 20108 --- [AlertAssignment] [main] com.zaxxer.hikari.pool.HikariPool        : HikariPool-1 - Added connection com.mysql.cj.jdbc.ConnectionImpl@6fd1ea75
2025-02-02T21:38:12.128+05:30  INFO 20108 --- [AlertAssignment] [main] com.zaxxer.hikari.HikariDataSource       : HikariPool-1 - Start completed.
2025-02-02T21:38:13.950+05:30  INFO 20108 --- [AlertAssignment] [main] o.h.e.t.j.p.i.JtaPlatformInitiator       : HHH000489: No JTA platform available (set 'hibernate.transaction.jta.platform' to enable JTA platform integration)
2025-02-02T21:38:14.092+05:30  INFO 20108 --- [AlertAssignment] [main] j.LocalContainerEntityManagerFactoryBean : Initialized JPA EntityManagerFactory for persistence unit 'default'
2025-02-02T21:38:14.676+05:30  WARN 20108 --- [AlertAssignment] [main] JpaBaseConfiguration$JpaWebConfiguration : spring.jpa.open-in-view is enabled by default. Therefore, database queries may be performed during view rendering. Explicitly configure spring.jpa.open-in-view to disable this warning
2025-02-02T21:38:15.409+05:30  INFO 20108 --- [AlertAssignment] [main] o.s.b.w.embedded.tomcat.TomcatWebServer  : Tomcat started on port 8080 (http) with context path '/disaster_coordination'
2025-02-02T21:38:15.435+05:30  INFO 20108 --- [AlertAssignment] [main] l.a.a.AlertAssignmentApplication         : Started AlertAssignmentApplication in 10.206 seconds (process running for 12.333)
2025-02-02T21:40:01.975+05:30  INFO 20108 --- [AlertAssignment] [http-nio-8080-exec-2] o.a.c.c.C.[.[.[/disaster_coordination]   : Initializing Spring DispatcherServlet 'dispatcherServlet'
2025-02-02T21:40:01.975+05:30  INFO 20108 --- [AlertAssignment] [http-nio-8080-exec-2] o.s.web.servlet.DispatcherServlet        : Initializing Servlet 'dispatcherServlet'
2025-02-02T21:40:01.977+05:30  INFO 20108 --- [AlertAssignment] [http-nio-8080-exec-2] o.s.web.servlet.DispatcherServlet        : Completed initialization in 1 ms
2025-02-02T21:40:02.246+05:30  INFO 20108 --- [AlertAssignment] [http-nio-8080-exec-2] l.a.a.service.impl.CitizenServiceImpl    : Citizen Saved
2025-02-02T21:40:43.903+05:30  INFO 20108 --- [AlertAssignment] [http-nio-8080-exec-4] l.a.a.service.impl.DisasterServiceImpl   : Disaster saved
2025-02-02T21:41:20.147+05:30  INFO 20108 --- [AlertAssignment] [http-nio-8080-exec-3] l.a.a.service.impl.DisasterServiceImpl   : Disaster saved
2025-02-02T21:41:29.545+05:30  WARN 20108 --- [AlertAssignment] [http-nio-8080-exec-5] o.h.engine.jdbc.spi.SqlExceptionHelper   : SQL Error: 1452, SQLState: 23000
2025-02-02T21:41:29.545+05:30 ERROR 20108 --- [AlertAssignment] [http-nio-8080-exec-5] o.h.engine.jdbc.spi.SqlExceptionHelper   : Cannot add or update a child row: a foreign key constraint fails (`disaster_coordination`.`disaster`, CONSTRAINT `FKmd9m5b1ty9phiwgx0b3m0mt79` FOREIGN KEY (`citizen_nic`) REFERENCES `citizen` (`nic`))
2025-02-02T21:41:29.575+05:30 ERROR 20108 --- [AlertAssignment] [http-nio-8080-exec-5] l.a.a.service.impl.DisasterServiceImpl   : Disaster save failed
2025-02-02T21:41:39.306+05:30  WARN 20108 --- [AlertAssignment] [http-nio-8080-exec-8] o.h.engine.jdbc.spi.SqlExceptionHelper   : SQL Error: 1452, SQLState: 23000
2025-02-02T21:41:39.307+05:30 ERROR 20108 --- [AlertAssignment] [http-nio-8080-exec-8] o.h.engine.jdbc.spi.SqlExceptionHelper   : Cannot add or update a child row: a foreign key constraint fails (`disaster_coordination`.`disaster`, CONSTRAINT `FKmd9m5b1ty9phiwgx0b3m0mt79` FOREIGN KEY (`citizen_nic`) REFERENCES `citizen` (`nic`))
2025-02-02T21:41:39.319+05:30 ERROR 20108 --- [AlertAssignment] [http-nio-8080-exec-8] l.a.a.service.impl.DisasterServiceImpl   : Disaster save failed
2025-02-02T21:42:24.958+05:30  INFO 20108 --- [AlertAssignment] [SpringApplicationShutdownHook] j.LocalContainerEntityManagerFactoryBean : Closing JPA EntityManagerFactory for persistence unit 'default'
2025-02-02T21:42:24.962+05:30  INFO 20108 --- [AlertAssignment] [SpringApplicationShutdownHook] com.zaxxer.hikari.HikariDataSource       : HikariPool-1 - Shutdown initiated...
2025-02-02T21:42:24.968+05:30  INFO 20108 --- [AlertAssignment] [SpringApplicationShutdownHook] com.zaxxer.hikari.HikariDataSource       : HikariPool-1 - Shutdown completed.
2025-02-02T21:42:31.569+05:30  INFO 9840 --- [AlertAssignment] [main] l.a.a.AlertAssignmentApplication         : Starting AlertAssignmentApplication using Java 17.0.9 with PID 9840 (E:\Github\Personal\AlertAssignment\target\classes started by DasunMadawa in E:\Github\Personal\AlertAssignment)
2025-02-02T21:42:31.572+05:30  INFO 9840 --- [AlertAssignment] [main] l.a.a.AlertAssignmentApplication         : No active profile set, falling back to 1 default profile: "default"
2025-02-02T21:42:32.295+05:30  INFO 9840 --- [AlertAssignment] [main] .s.d.r.c.RepositoryConfigurationDelegate : Bootstrapping Spring Data JPA repositories in DEFAULT mode.
2025-02-02T21:42:32.350+05:30  INFO 9840 --- [AlertAssignment] [main] .s.d.r.c.RepositoryConfigurationDelegate : Finished Spring Data repository scanning in 48 ms. Found 2 JPA repository interfaces.
2025-02-02T21:42:32.718+05:30  INFO 9840 --- [AlertAssignment] [main] o.s.b.w.embedded.tomcat.TomcatWebServer  : Tomcat initialized with port 8080 (http)
2025-02-02T21:42:32.721+05:30  INFO 9840 --- [AlertAssignment] [main] o.a.catalina.core.AprLifecycleListener   : An older version [1.2.39] of the Apache Tomcat Native library is installed, while Tomcat recommends a minimum version of [2.0.5]
2025-02-02T21:42:32.721+05:30  INFO 9840 --- [AlertAssignment] [main] o.a.catalina.core.AprLifecycleListener   : Loaded Apache Tomcat Native library [1.2.39] using APR version [1.7.4].
2025-02-02T21:42:32.726+05:30  INFO 9840 --- [AlertAssignment] [main] o.a.catalina.core.AprLifecycleListener   : OpenSSL successfully initialized [OpenSSL 3.0.11 19 Sep 2023]
2025-02-02T21:42:32.747+05:30  INFO 9840 --- [AlertAssignment] [main] o.apache.catalina.core.StandardService   : Starting service [Tomcat]
2025-02-02T21:42:32.747+05:30  INFO 9840 --- [AlertAssignment] [main] o.apache.catalina.core.StandardEngine    : Starting Servlet engine: [Apache Tomcat/10.1.20]
2025-02-02T21:42:32.816+05:30  INFO 9840 --- [AlertAssignment] [main] o.a.c.c.C.[.[.[/disaster_coordination]   : Initializing Spring embedded WebApplicationContext
2025-02-02T21:42:32.816+05:30  INFO 9840 --- [AlertAssignment] [main] w.s.c.ServletWebServerApplicationContext : Root WebApplicationContext: initialization completed in 1199 ms
2025-02-02T21:42:32.946+05:30  INFO 9840 --- [AlertAssignment] [main] o.hibernate.jpa.internal.util.LogHelper  : HHH000204: Processing PersistenceUnitInfo [name: default]
2025-02-02T21:42:32.985+05:30  INFO 9840 --- [AlertAssignment] [main] org.hibernate.Version                    : HHH000412: Hibernate ORM core version 6.4.4.Final
2025-02-02T21:42:33.017+05:30  INFO 9840 --- [AlertAssignment] [main] o.h.c.internal.RegionFactoryInitiator    : HHH000026: Second-level cache disabled
2025-02-02T21:42:33.177+05:30  INFO 9840 --- [AlertAssignment] [main] o.s.o.j.p.SpringPersistenceUnitInfo      : No LoadTimeWeaver setup: ignoring JPA class transformer
2025-02-02T21:42:33.195+05:30  INFO 9840 --- [AlertAssignment] [main] com.zaxxer.hikari.HikariDataSource       : HikariPool-1 - Starting...
2025-02-02T21:42:33.454+05:30  INFO 9840 --- [AlertAssignment] [main] com.zaxxer.hikari.pool.HikariPool        : HikariPool-1 - Added connection com.mysql.cj.jdbc.ConnectionImpl@74f4a2ba
2025-02-02T21:42:33.457+05:30  INFO 9840 --- [AlertAssignment] [main] com.zaxxer.hikari.HikariDataSource       : HikariPool-1 - Start completed.
2025-02-02T21:42:34.263+05:30  INFO 9840 --- [AlertAssignment] [main] o.h.e.t.j.p.i.JtaPlatformInitiator       : HHH000489: No JTA platform available (set 'hibernate.transaction.jta.platform' to enable JTA platform integration)
2025-02-02T21:42:34.334+05:30  INFO 9840 --- [AlertAssignment] [main] j.LocalContainerEntityManagerFactoryBean : Initialized JPA EntityManagerFactory for persistence unit 'default'
2025-02-02T21:42:34.588+05:30  WARN 9840 --- [AlertAssignment] [main] JpaBaseConfiguration$JpaWebConfiguration : spring.jpa.open-in-view is enabled by default. Therefore, database queries may be performed during view rendering. Explicitly configure spring.jpa.open-in-view to disable this warning
2025-02-02T21:42:34.916+05:30  INFO 9840 --- [AlertAssignment] [main] o.s.b.w.embedded.tomcat.TomcatWebServer  : Tomcat started on port 8080 (http) with context path '/disaster_coordination'
2025-02-02T21:42:34.926+05:30  INFO 9840 --- [AlertAssignment] [main] l.a.a.AlertAssignmentApplication         : Started AlertAssignmentApplication in 3.907 seconds (process running for 5.119)
2025-02-02T21:42:37.148+05:30  INFO 9840 --- [AlertAssignment] [http-nio-8080-exec-1] o.a.c.c.C.[.[.[/disaster_coordination]   : Initializing Spring DispatcherServlet 'dispatcherServlet'
2025-02-02T21:42:37.149+05:30  INFO 9840 --- [AlertAssignment] [http-nio-8080-exec-1] o.s.web.servlet.DispatcherServlet        : Initializing Servlet 'dispatcherServlet'
2025-02-02T21:42:37.151+05:30  INFO 9840 --- [AlertAssignment] [http-nio-8080-exec-1] o.s.web.servlet.DispatcherServlet        : Completed initialization in 1 ms
2025-02-02T21:42:53.372+05:30 ERROR 9840 --- [AlertAssignment] [http-nio-8080-exec-3] l.a.a.service.impl.DisasterServiceImpl   : Disaster fetch failed for ID: D002
2025-02-02T21:42:57.928+05:30  INFO 9840 --- [AlertAssignment] [http-nio-8080-exec-2] l.a.a.service.impl.DisasterServiceImpl   : Fetching disaster with ID: D001
2025-02-02T21:44:25.536+05:30  INFO 9840 --- [AlertAssignment] [SpringApplicationShutdownHook] j.LocalContainerEntityManagerFactoryBean : Closing JPA EntityManagerFactory for persistence unit 'default'
2025-02-02T21:44:25.550+05:30  INFO 9840 --- [AlertAssignment] [SpringApplicationShutdownHook] com.zaxxer.hikari.HikariDataSource       : HikariPool-1 - Shutdown initiated...
2025-02-02T21:44:25.564+05:30  INFO 9840 --- [AlertAssignment] [SpringApplicationShutdownHook] com.zaxxer.hikari.HikariDataSource       : HikariPool-1 - Shutdown completed.
2025-02-02T21:44:34.304+05:30  INFO 20244 --- [AlertAssignment] [main] l.a.a.AlertAssignmentApplication         : Starting AlertAssignmentApplication using Java 17.0.9 with PID 20244 (E:\Github\Personal\AlertAssignment\target\classes started by DasunMadawa in E:\Github\Personal\AlertAssignment)
2025-02-02T21:44:34.306+05:30  INFO 20244 --- [AlertAssignment] [main] l.a.a.AlertAssignmentApplication         : No active profile set, falling back to 1 default profile: "default"
2025-02-02T21:44:35.100+05:30  INFO 20244 --- [AlertAssignment] [main] .s.d.r.c.RepositoryConfigurationDelegate : Bootstrapping Spring Data JPA repositories in DEFAULT mode.
2025-02-02T21:44:35.163+05:30  INFO 20244 --- [AlertAssignment] [main] .s.d.r.c.RepositoryConfigurationDelegate : Finished Spring Data repository scanning in 53 ms. Found 2 JPA repository interfaces.
2025-02-02T21:44:35.593+05:30  INFO 20244 --- [AlertAssignment] [main] o.s.b.w.embedded.tomcat.TomcatWebServer  : Tomcat initialized with port 8080 (http)
2025-02-02T21:44:35.595+05:30  INFO 20244 --- [AlertAssignment] [main] o.a.catalina.core.AprLifecycleListener   : An older version [1.2.39] of the Apache Tomcat Native library is installed, while Tomcat recommends a minimum version of [2.0.5]
2025-02-02T21:44:35.596+05:30  INFO 20244 --- [AlertAssignment] [main] o.a.catalina.core.AprLifecycleListener   : Loaded Apache Tomcat Native library [1.2.39] using APR version [1.7.4].
2025-02-02T21:44:35.600+05:30  INFO 20244 --- [AlertAssignment] [main] o.a.catalina.core.AprLifecycleListener   : OpenSSL successfully initialized [OpenSSL 3.0.11 19 Sep 2023]
2025-02-02T21:44:35.618+05:30  INFO 20244 --- [AlertAssignment] [main] o.apache.catalina.core.StandardService   : Starting service [Tomcat]
2025-02-02T21:44:35.618+05:30  INFO 20244 --- [AlertAssignment] [main] o.apache.catalina.core.StandardEngine    : Starting Servlet engine: [Apache Tomcat/10.1.20]
2025-02-02T21:44:35.681+05:30  INFO 20244 --- [AlertAssignment] [main] o.a.c.c.C.[.[.[/disaster_coordination]   : Initializing Spring embedded WebApplicationContext
2025-02-02T21:44:35.682+05:30  INFO 20244 --- [AlertAssignment] [main] w.s.c.ServletWebServerApplicationContext : Root WebApplicationContext: initialization completed in 1324 ms
2025-02-02T21:44:35.789+05:30  INFO 20244 --- [AlertAssignment] [main] o.hibernate.jpa.internal.util.LogHelper  : HHH000204: Processing PersistenceUnitInfo [name: default]
2025-02-02T21:44:35.835+05:30  INFO 20244 --- [AlertAssignment] [main] org.hibernate.Version                    : HHH000412: Hibernate ORM core version 6.4.4.Final
2025-02-02T21:44:35.871+05:30  INFO 20244 --- [AlertAssignment] [main] o.h.c.internal.RegionFactoryInitiator    : HHH000026: Second-level cache disabled
2025-02-02T21:44:36.029+05:30  INFO 20244 --- [AlertAssignment] [main] o.s.o.j.p.SpringPersistenceUnitInfo      : No LoadTimeWeaver setup: ignoring JPA class transformer
2025-02-02T21:44:36.047+05:30  INFO 20244 --- [AlertAssignment] [main] com.zaxxer.hikari.HikariDataSource       : HikariPool-1 - Starting...
2025-02-02T21:44:36.332+05:30  INFO 20244 --- [AlertAssignment] [main] com.zaxxer.hikari.pool.HikariPool        : HikariPool-1 - Added connection com.mysql.cj.jdbc.ConnectionImpl@6684f7f2
2025-02-02T21:44:36.334+05:30  INFO 20244 --- [AlertAssignment] [main] com.zaxxer.hikari.HikariDataSource       : HikariPool-1 - Start completed.
2025-02-02T21:44:37.076+05:30  INFO 20244 --- [AlertAssignment] [main] o.h.e.t.j.p.i.JtaPlatformInitiator       : HHH000489: No JTA platform available (set 'hibernate.transaction.jta.platform' to enable JTA platform integration)
2025-02-02T21:44:37.512+05:30  INFO 20244 --- [AlertAssignment] [main] j.LocalContainerEntityManagerFactoryBean : Initialized JPA EntityManagerFactory for persistence unit 'default'
2025-02-02T21:44:37.741+05:30  WARN 20244 --- [AlertAssignment] [main] JpaBaseConfiguration$JpaWebConfiguration : spring.jpa.open-in-view is enabled by default. Therefore, database queries may be performed during view rendering. Explicitly configure spring.jpa.open-in-view to disable this warning
2025-02-02T21:44:38.061+05:30  INFO 20244 --- [AlertAssignment] [main] o.s.b.w.embedded.tomcat.TomcatWebServer  : Tomcat started on port 8080 (http) with context path '/disaster_coordination'
2025-02-02T21:44:38.069+05:30  INFO 20244 --- [AlertAssignment] [main] l.a.a.AlertAssignmentApplication         : Started AlertAssignmentApplication in 4.307 seconds (process running for 5.248)
2025-02-02T21:44:53.809+05:30  INFO 20244 --- [AlertAssignment] [http-nio-8080-exec-1] o.a.c.c.C.[.[.[/disaster_coordination]   : Initializing Spring DispatcherServlet 'dispatcherServlet'
2025-02-02T21:44:53.810+05:30  INFO 20244 --- [AlertAssignment] [http-nio-8080-exec-1] o.s.web.servlet.DispatcherServlet        : Initializing Servlet 'dispatcherServlet'
2025-02-02T21:44:53.813+05:30  INFO 20244 --- [AlertAssignment] [http-nio-8080-exec-1] o.s.web.servlet.DispatcherServlet        : Completed initialization in 2 ms
2025-02-02T21:44:54.313+05:30  INFO 20244 --- [AlertAssignment] [http-nio-8080-exec-1] l.a.a.service.impl.CitizenServiceImpl    : Citizen Saved
2025-02-02T21:45:02.210+05:30 ERROR 20244 --- [AlertAssignment] [http-nio-8080-exec-4] l.a.a.service.impl.DisasterServiceImpl   : Disaster fetch failed for ID: D001
2025-02-02T21:45:09.619+05:30  INFO 20244 --- [AlertAssignment] [http-nio-8080-exec-5] l.a.a.service.impl.DisasterServiceImpl   : Fetching disaster with ID: D004
2025-02-02T21:47:39.896+05:30  INFO 20244 --- [AlertAssignment] [SpringApplicationShutdownHook] j.LocalContainerEntityManagerFactoryBean : Closing JPA EntityManagerFactory for persistence unit 'default'
2025-02-02T21:47:39.899+05:30  INFO 20244 --- [AlertAssignment] [SpringApplicationShutdownHook] com.zaxxer.hikari.HikariDataSource       : HikariPool-1 - Shutdown initiated...
2025-02-02T21:47:39.912+05:30  INFO 20244 --- [AlertAssignment] [SpringApplicationShutdownHook] com.zaxxer.hikari.HikariDataSource       : HikariPool-1 - Shutdown completed.
2025-02-02T21:47:45.369+05:30  INFO 23260 --- [AlertAssignment] [main] l.a.a.AlertAssignmentApplication         : Starting AlertAssignmentApplication using Java 17.0.9 with PID 23260 (E:\Github\Personal\AlertAssignment\target\classes started by DasunMadawa in E:\Github\Personal\AlertAssignment)
2025-02-02T21:47:45.374+05:30  INFO 23260 --- [AlertAssignment] [main] l.a.a.AlertAssignmentApplication         : No active profile set, falling back to 1 default profile: "default"
2025-02-02T21:47:46.043+05:30  INFO 23260 --- [AlertAssignment] [main] .s.d.r.c.RepositoryConfigurationDelegate : Bootstrapping Spring Data JPA repositories in DEFAULT mode.
2025-02-02T21:47:46.097+05:30  INFO 23260 --- [AlertAssignment] [main] .s.d.r.c.RepositoryConfigurationDelegate : Finished Spring Data repository scanning in 48 ms. Found 2 JPA repository interfaces.
2025-02-02T21:47:46.462+05:30  INFO 23260 --- [AlertAssignment] [main] o.s.b.w.embedded.tomcat.TomcatWebServer  : Tomcat initialized with port 8080 (http)
2025-02-02T21:47:46.465+05:30  INFO 23260 --- [AlertAssignment] [main] o.a.catalina.core.AprLifecycleListener   : An older version [1.2.39] of the Apache Tomcat Native library is installed, while Tomcat recommends a minimum version of [2.0.5]
2025-02-02T21:47:46.465+05:30  INFO 23260 --- [AlertAssignment] [main] o.a.catalina.core.AprLifecycleListener   : Loaded Apache Tomcat Native library [1.2.39] using APR version [1.7.4].
2025-02-02T21:47:46.470+05:30  INFO 23260 --- [AlertAssignment] [main] o.a.catalina.core.AprLifecycleListener   : OpenSSL successfully initialized [OpenSSL 3.0.11 19 Sep 2023]
2025-02-02T21:47:46.476+05:30  INFO 23260 --- [AlertAssignment] [main] o.apache.catalina.core.StandardService   : Starting service [Tomcat]
2025-02-02T21:47:46.476+05:30  INFO 23260 --- [AlertAssignment] [main] o.apache.catalina.core.StandardEngine    : Starting Servlet engine: [Apache Tomcat/10.1.20]
2025-02-02T21:47:46.541+05:30  INFO 23260 --- [AlertAssignment] [main] o.a.c.c.C.[.[.[/disaster_coordination]   : Initializing Spring embedded WebApplicationContext
2025-02-02T21:47:46.542+05:30  INFO 23260 --- [AlertAssignment] [main] w.s.c.ServletWebServerApplicationContext : Root WebApplicationContext: initialization completed in 1119 ms
2025-02-02T21:47:46.656+05:30  INFO 23260 --- [AlertAssignment] [main] o.hibernate.jpa.internal.util.LogHelper  : HHH000204: Processing PersistenceUnitInfo [name: default]
2025-02-02T21:47:46.701+05:30  INFO 23260 --- [AlertAssignment] [main] org.hibernate.Version                    : HHH000412: Hibernate ORM core version 6.4.4.Final
2025-02-02T21:47:46.730+05:30  INFO 23260 --- [AlertAssignment] [main] o.h.c.internal.RegionFactoryInitiator    : HHH000026: Second-level cache disabled
2025-02-02T21:47:46.867+05:30  INFO 23260 --- [AlertAssignment] [main] o.s.o.j.p.SpringPersistenceUnitInfo      : No LoadTimeWeaver setup: ignoring JPA class transformer
2025-02-02T21:47:46.883+05:30  INFO 23260 --- [AlertAssignment] [main] com.zaxxer.hikari.HikariDataSource       : HikariPool-1 - Starting...
2025-02-02T21:47:47.119+05:30  INFO 23260 --- [AlertAssignment] [main] com.zaxxer.hikari.pool.HikariPool        : HikariPool-1 - Added connection com.mysql.cj.jdbc.ConnectionImpl@2353354a
2025-02-02T21:47:47.121+05:30  INFO 23260 --- [AlertAssignment] [main] com.zaxxer.hikari.HikariDataSource       : HikariPool-1 - Start completed.
2025-02-02T21:47:47.828+05:30  INFO 23260 --- [AlertAssignment] [main] o.h.e.t.j.p.i.JtaPlatformInitiator       : HHH000489: No JTA platform available (set 'hibernate.transaction.jta.platform' to enable JTA platform integration)
2025-02-02T21:47:47.885+05:30  INFO 23260 --- [AlertAssignment] [main] j.LocalContainerEntityManagerFactoryBean : Initialized JPA EntityManagerFactory for persistence unit 'default'
2025-02-02T21:47:48.104+05:30  WARN 23260 --- [AlertAssignment] [main] JpaBaseConfiguration$JpaWebConfiguration : spring.jpa.open-in-view is enabled by default. Therefore, database queries may be performed during view rendering. Explicitly configure spring.jpa.open-in-view to disable this warning
2025-02-02T21:47:48.411+05:30  INFO 23260 --- [AlertAssignment] [main] o.s.b.w.embedded.tomcat.TomcatWebServer  : Tomcat started on port 8080 (http) with context path '/disaster_coordination'
2025-02-02T21:47:48.420+05:30  INFO 23260 --- [AlertAssignment] [main] l.a.a.AlertAssignmentApplication         : Started AlertAssignmentApplication in 3.576 seconds (process running for 4.461)
2025-02-02T21:47:52.857+05:30  INFO 23260 --- [AlertAssignment] [http-nio-8080-exec-3] o.a.c.c.C.[.[.[/disaster_coordination]   : Initializing Spring DispatcherServlet 'dispatcherServlet'
2025-02-02T21:47:52.857+05:30  INFO 23260 --- [AlertAssignment] [http-nio-8080-exec-3] o.s.web.servlet.DispatcherServlet        : Initializing Servlet 'dispatcherServlet'
2025-02-02T21:47:52.858+05:30  INFO 23260 --- [AlertAssignment] [http-nio-8080-exec-3] o.s.web.servlet.DispatcherServlet        : Completed initialization in 1 ms
2025-02-02T21:47:53.174+05:30  INFO 23260 --- [AlertAssignment] [http-nio-8080-exec-3] l.a.a.service.impl.DisasterServiceImpl   : Fetching disaster with ID: D004
2025-02-02T21:53:45.733+05:30  INFO 23260 --- [AlertAssignment] [SpringApplicationShutdownHook] j.LocalContainerEntityManagerFactoryBean : Closing JPA EntityManagerFactory for persistence unit 'default'
2025-02-02T21:53:45.737+05:30  INFO 23260 --- [AlertAssignment] [SpringApplicationShutdownHook] com.zaxxer.hikari.HikariDataSource       : HikariPool-1 - Shutdown initiated...
2025-02-02T21:53:45.748+05:30  INFO 23260 --- [AlertAssignment] [SpringApplicationShutdownHook] com.zaxxer.hikari.HikariDataSource       : HikariPool-1 - Shutdown completed.
2025-02-02T21:53:52.563+05:30  INFO 13156 --- [AlertAssignment] [main] l.a.a.AlertAssignmentApplication         : Starting AlertAssignmentApplication using Java 17.0.9 with PID 13156 (E:\Github\Personal\AlertAssignment\target\classes started by DasunMadawa in E:\Github\Personal\AlertAssignment)
2025-02-02T21:53:52.566+05:30  INFO 13156 --- [AlertAssignment] [main] l.a.a.AlertAssignmentApplication         : No active profile set, falling back to 1 default profile: "default"
2025-02-02T21:53:53.479+05:30  INFO 13156 --- [AlertAssignment] [main] .s.d.r.c.RepositoryConfigurationDelegate : Bootstrapping Spring Data JPA repositories in DEFAULT mode.
2025-02-02T21:53:53.544+05:30  INFO 13156 --- [AlertAssignment] [main] .s.d.r.c.RepositoryConfigurationDelegate : Finished Spring Data repository scanning in 55 ms. Found 2 JPA repository interfaces.
2025-02-02T21:53:53.939+05:30  INFO 13156 --- [AlertAssignment] [main] o.s.b.w.embedded.tomcat.TomcatWebServer  : Tomcat initialized with port 8080 (http)
2025-02-02T21:53:53.942+05:30  INFO 13156 --- [AlertAssignment] [main] o.a.catalina.core.AprLifecycleListener   : An older version [1.2.39] of the Apache Tomcat Native library is installed, while Tomcat recommends a minimum version of [2.0.5]
2025-02-02T21:53:53.942+05:30  INFO 13156 --- [AlertAssignment] [main] o.a.catalina.core.AprLifecycleListener   : Loaded Apache Tomcat Native library [1.2.39] using APR version [1.7.4].
2025-02-02T21:53:53.946+05:30  INFO 13156 --- [AlertAssignment] [main] o.a.catalina.core.AprLifecycleListener   : OpenSSL successfully initialized [OpenSSL 3.0.11 19 Sep 2023]
2025-02-02T21:53:53.952+05:30  INFO 13156 --- [AlertAssignment] [main] o.apache.catalina.core.StandardService   : Starting service [Tomcat]
2025-02-02T21:53:53.952+05:30  INFO 13156 --- [AlertAssignment] [main] o.apache.catalina.core.StandardEngine    : Starting Servlet engine: [Apache Tomcat/10.1.20]
2025-02-02T21:53:54.016+05:30  INFO 13156 --- [AlertAssignment] [main] o.a.c.c.C.[.[.[/disaster_coordination]   : Initializing Spring embedded WebApplicationContext
2025-02-02T21:53:54.016+05:30  INFO 13156 --- [AlertAssignment] [main] w.s.c.ServletWebServerApplicationContext : Root WebApplicationContext: initialization completed in 1403 ms
2025-02-02T21:53:54.162+05:30  INFO 13156 --- [AlertAssignment] [main] o.hibernate.jpa.internal.util.LogHelper  : HHH000204: Processing PersistenceUnitInfo [name: default]
2025-02-02T21:53:54.200+05:30  INFO 13156 --- [AlertAssignment] [main] org.hibernate.Version                    : HHH000412: Hibernate ORM core version 6.4.4.Final
2025-02-02T21:53:54.227+05:30  INFO 13156 --- [AlertAssignment] [main] o.h.c.internal.RegionFactoryInitiator    : HHH000026: Second-level cache disabled
2025-02-02T21:53:54.370+05:30  INFO 13156 --- [AlertAssignment] [main] o.s.o.j.p.SpringPersistenceUnitInfo      : No LoadTimeWeaver setup: ignoring JPA class transformer
2025-02-02T21:53:54.388+05:30  INFO 13156 --- [AlertAssignment] [main] com.zaxxer.hikari.HikariDataSource       : HikariPool-1 - Starting...
2025-02-02T21:53:54.638+05:30  INFO 13156 --- [AlertAssignment] [main] com.zaxxer.hikari.pool.HikariPool        : HikariPool-1 - Added connection com.mysql.cj.jdbc.ConnectionImpl@30ec211a
2025-02-02T21:53:54.640+05:30  INFO 13156 --- [AlertAssignment] [main] com.zaxxer.hikari.HikariDataSource       : HikariPool-1 - Start completed.
2025-02-02T21:53:55.412+05:30  INFO 13156 --- [AlertAssignment] [main] o.h.e.t.j.p.i.JtaPlatformInitiator       : HHH000489: No JTA platform available (set 'hibernate.transaction.jta.platform' to enable JTA platform integration)
2025-02-02T21:53:55.468+05:30  INFO 13156 --- [AlertAssignment] [main] j.LocalContainerEntityManagerFactoryBean : Initialized JPA EntityManagerFactory for persistence unit 'default'
2025-02-02T21:53:55.698+05:30  WARN 13156 --- [AlertAssignment] [main] JpaBaseConfiguration$JpaWebConfiguration : spring.jpa.open-in-view is enabled by default. Therefore, database queries may be performed during view rendering. Explicitly configure spring.jpa.open-in-view to disable this warning
2025-02-02T21:53:56.044+05:30  INFO 13156 --- [AlertAssignment] [main] o.s.b.w.embedded.tomcat.TomcatWebServer  : Tomcat started on port 8080 (http) with context path '/disaster_coordination'
2025-02-02T21:53:56.054+05:30  INFO 13156 --- [AlertAssignment] [main] l.a.a.AlertAssignmentApplication         : Started AlertAssignmentApplication in 4.015 seconds (process running for 4.776)
2025-02-02T21:54:00.171+05:30  INFO 13156 --- [AlertAssignment] [http-nio-8080-exec-2] o.a.c.c.C.[.[.[/disaster_coordination]   : Initializing Spring DispatcherServlet 'dispatcherServlet'
2025-02-02T21:54:00.172+05:30  INFO 13156 --- [AlertAssignment] [http-nio-8080-exec-2] o.s.web.servlet.DispatcherServlet        : Initializing Servlet 'dispatcherServlet'
2025-02-02T21:54:00.175+05:30  INFO 13156 --- [AlertAssignment] [http-nio-8080-exec-2] o.s.web.servlet.DispatcherServlet        : Completed initialization in 3 ms
2025-02-02T21:54:00.235+05:30  INFO 13156 --- [AlertAssignment] [http-nio-8080-exec-2] l.a.a.service.impl.DisasterServiceImpl   : Fetching all disasters
2025-02-02T21:54:21.523+05:30  INFO 13156 --- [AlertAssignment] [http-nio-8080-exec-4] l.a.a.service.impl.DisasterServiceImpl   : Fetching all disasters
2025-02-02T21:57:14.759+05:30  INFO 13156 --- [AlertAssignment] [http-nio-8080-exec-6] l.a.a.service.impl.CitizenServiceImpl    : Citizen Saved
2025-02-02T21:57:48.729+05:30  INFO 13156 --- [AlertAssignment] [http-nio-8080-exec-8] l.a.a.service.impl.DisasterServiceImpl   : Disaster updated
